CRITICAL - 2025-11-10 13:21:15 --> Error: Undefined constant "App\Controllers\Blog"
[Method: GET, Route: /]
in APPPATH\Controllers\Blog.php on line 11.
 1 SYSTEMPATH\CodeIgniter.php(933): App\Controllers\Blog->index()
 2 SYSTEMPATH\CodeIgniter.php(507): CodeIgniter\CodeIgniter->runController(Object(App\Controllers\Blog))
 3 SYSTEMPATH\CodeIgniter.php(354): CodeIgniter\CodeIgniter->handleRequest(null, Object(Config\Cache), false)
 4 SYSTEMPATH\Boot.php(334): CodeIgniter\CodeIgniter->run()
 5 SYSTEMPATH\Boot.php(67): CodeIgniter\Boot::runCodeIgniter(Object(CodeIgniter\CodeIgniter))
 6 FCPATH\index.php(59): CodeIgniter\Boot::bootWeb(Object(Config\Paths))
CRITICAL - 2025-11-10 13:23:46 --> CodeIgniter\View\Exceptions\ViewException: Invalid file: "apropos.php"
[Method: GET, Route: Blog/apropos]
in SYSTEMPATH\Exceptions\FrameworkException.php on line 39.
 1 SYSTEMPATH\View\View.php(212): CodeIgniter\Exceptions\FrameworkException::forInvalidFile('apropos.php')
 2 SYSTEMPATH\Common.php(1173): CodeIgniter\View\View->render('apropos', [], true)
 3 APPPATH\Controllers\Blog.php(17): view('apropos')
 4 SYSTEMPATH\CodeIgniter.php(933): App\Controllers\Blog->apropos()
 5 SYSTEMPATH\CodeIgniter.php(507): CodeIgniter\CodeIgniter->runController(Object(App\Controllers\Blog))
 6 SYSTEMPATH\CodeIgniter.php(354): CodeIgniter\CodeIgniter->handleRequest(null, Object(Config\Cache), false)
 7 SYSTEMPATH\Boot.php(334): CodeIgniter\CodeIgniter->run()
 8 SYSTEMPATH\Boot.php(67): CodeIgniter\Boot::runCodeIgniter(Object(CodeIgniter\CodeIgniter))
 9 FCPATH\index.php(59): CodeIgniter\Boot::bootWeb(Object(Config\Paths))
CRITICAL - 2025-11-10 13:52:55 --> CodeIgniter\HTTP\Exceptions\BadRequestException: The URI you submitted has disallowed characters: "252206 - Découverte CodeIgniter"
[Method: GET, Route: 250925%20-%20Web/252206%20-%20D%C3%A9couverte%20CodeIgniter/CodeIgniter/public/]
in SYSTEMPATH\Router\Router.php on line 741.
 1 SYSTEMPATH\Router\Router.php(207): CodeIgniter\Router\Router->checkDisallowedChars('250925 - Web/252206 - Découverte CodeIgniter/CodeIgniter/public/')
 2 SYSTEMPATH\CodeIgniter.php(832): CodeIgniter\Router\Router->handle('250925 - Web/252206 - Découverte CodeIgniter/CodeIgniter/public/')
 3 SYSTEMPATH\CodeIgniter.php(455): CodeIgniter\CodeIgniter->tryToRouteIt(Object(CodeIgniter\Router\RouteCollection))
 4 SYSTEMPATH\CodeIgniter.php(354): CodeIgniter\CodeIgniter->handleRequest(null, Object(Config\Cache), false)
 5 SYSTEMPATH\Boot.php(334): CodeIgniter\CodeIgniter->run()
 6 SYSTEMPATH\Boot.php(67): CodeIgniter\Boot::runCodeIgniter(Object(CodeIgniter\CodeIgniter))
 7 FCPATH\index.php(59): CodeIgniter\Boot::bootWeb(Object(Config\Paths))
CRITICAL - 2025-11-10 13:53:19 --> CodeIgniter\HTTP\Exceptions\BadRequestException: The URI you submitted has disallowed characters: "252206 - Découverte CodeIgniter"
[Method: GET, Route: 250925%20-%20Web/252206%20-%20D%C3%A9couverte%20CodeIgniter/CodeIgniter/public/]
in SYSTEMPATH\Router\Router.php on line 741.
 1 SYSTEMPATH\Router\Router.php(207): CodeIgniter\Router\Router->checkDisallowedChars('250925 - Web/252206 - Découverte CodeIgniter/CodeIgniter/public/')
 2 SYSTEMPATH\CodeIgniter.php(832): CodeIgniter\Router\Router->handle('250925 - Web/252206 - Découverte CodeIgniter/CodeIgniter/public/')
 3 SYSTEMPATH\CodeIgniter.php(455): CodeIgniter\CodeIgniter->tryToRouteIt(Object(CodeIgniter\Router\RouteCollection))
 4 SYSTEMPATH\CodeIgniter.php(354): CodeIgniter\CodeIgniter->handleRequest(null, Object(Config\Cache), false)
 5 SYSTEMPATH\Boot.php(334): CodeIgniter\CodeIgniter->run()
 6 SYSTEMPATH\Boot.php(67): CodeIgniter\Boot::runCodeIgniter(Object(CodeIgniter\CodeIgniter))
 7 FCPATH\index.php(59): CodeIgniter\Boot::bootWeb(Object(Config\Paths))
CRITICAL - 2025-11-10 13:53:20 --> CodeIgniter\HTTP\Exceptions\BadRequestException: The URI you submitted has disallowed characters: "252206 - Découverte CodeIgniter"
[Method: GET, Route: 250925%20-%20Web/252206%20-%20D%C3%A9couverte%20CodeIgniter/CodeIgniter/public/]
in SYSTEMPATH\Router\Router.php on line 741.
 1 SYSTEMPATH\Router\Router.php(207): CodeIgniter\Router\Router->checkDisallowedChars('250925 - Web/252206 - Découverte CodeIgniter/CodeIgniter/public/')
 2 SYSTEMPATH\CodeIgniter.php(832): CodeIgniter\Router\Router->handle('250925 - Web/252206 - Découverte CodeIgniter/CodeIgniter/public/')
 3 SYSTEMPATH\CodeIgniter.php(455): CodeIgniter\CodeIgniter->tryToRouteIt(Object(CodeIgniter\Router\RouteCollection))
 4 SYSTEMPATH\CodeIgniter.php(354): CodeIgniter\CodeIgniter->handleRequest(null, Object(Config\Cache), false)
 5 SYSTEMPATH\Boot.php(334): CodeIgniter\CodeIgniter->run()
 6 SYSTEMPATH\Boot.php(67): CodeIgniter\Boot::runCodeIgniter(Object(CodeIgniter\CodeIgniter))
 7 FCPATH\index.php(59): CodeIgniter\Boot::bootWeb(Object(Config\Paths))
CRITICAL - 2025-11-10 13:53:21 --> CodeIgniter\HTTP\Exceptions\BadRequestException: The URI you submitted has disallowed characters: "252206 - Découverte CodeIgniter"
[Method: GET, Route: 250925%20-%20Web/252206%20-%20D%C3%A9couverte%20CodeIgniter/CodeIgniter/public/]
in SYSTEMPATH\Router\Router.php on line 741.
 1 SYSTEMPATH\Router\Router.php(207): CodeIgniter\Router\Router->checkDisallowedChars('250925 - Web/252206 - Découverte CodeIgniter/CodeIgniter/public/')
 2 SYSTEMPATH\CodeIgniter.php(832): CodeIgniter\Router\Router->handle('250925 - Web/252206 - Découverte CodeIgniter/CodeIgniter/public/')
 3 SYSTEMPATH\CodeIgniter.php(455): CodeIgniter\CodeIgniter->tryToRouteIt(Object(CodeIgniter\Router\RouteCollection))
 4 SYSTEMPATH\CodeIgniter.php(354): CodeIgniter\CodeIgniter->handleRequest(null, Object(Config\Cache), false)
 5 SYSTEMPATH\Boot.php(334): CodeIgniter\CodeIgniter->run()
 6 SYSTEMPATH\Boot.php(67): CodeIgniter\Boot::runCodeIgniter(Object(CodeIgniter\CodeIgniter))
 7 FCPATH\index.php(59): CodeIgniter\Boot::bootWeb(Object(Config\Paths))
CRITICAL - 2025-11-10 13:53:25 --> CodeIgniter\HTTP\Exceptions\BadRequestException: The URI you submitted has disallowed characters: "252206 - Découverte CodeIgniter"
[Method: GET, Route: 250925%20-%20Web/252206%20-%20D%C3%A9couverte%20CodeIgniter/CodeIgniter/public/]
in SYSTEMPATH\Router\Router.php on line 741.
 1 SYSTEMPATH\Router\Router.php(207): CodeIgniter\Router\Router->checkDisallowedChars('250925 - Web/252206 - Découverte CodeIgniter/CodeIgniter/public/')
 2 SYSTEMPATH\CodeIgniter.php(832): CodeIgniter\Router\Router->handle('250925 - Web/252206 - Découverte CodeIgniter/CodeIgniter/public/')
 3 SYSTEMPATH\CodeIgniter.php(455): CodeIgniter\CodeIgniter->tryToRouteIt(Object(CodeIgniter\Router\RouteCollection))
 4 SYSTEMPATH\CodeIgniter.php(354): CodeIgniter\CodeIgniter->handleRequest(null, Object(Config\Cache), false)
 5 SYSTEMPATH\Boot.php(334): CodeIgniter\CodeIgniter->run()
 6 SYSTEMPATH\Boot.php(67): CodeIgniter\Boot::runCodeIgniter(Object(CodeIgniter\CodeIgniter))
 7 FCPATH\index.php(59): CodeIgniter\Boot::bootWeb(Object(Config\Paths))
CRITICAL - 2025-11-10 13:53:25 --> CodeIgniter\HTTP\Exceptions\BadRequestException: The URI you submitted has disallowed characters: "252206 - Découverte CodeIgniter"
[Method: GET, Route: 250925%20-%20Web/252206%20-%20D%C3%A9couverte%20CodeIgniter/CodeIgniter/public/]
in SYSTEMPATH\Router\Router.php on line 741.
 1 SYSTEMPATH\Router\Router.php(207): CodeIgniter\Router\Router->checkDisallowedChars('250925 - Web/252206 - Découverte CodeIgniter/CodeIgniter/public/')
 2 SYSTEMPATH\CodeIgniter.php(832): CodeIgniter\Router\Router->handle('250925 - Web/252206 - Découverte CodeIgniter/CodeIgniter/public/')
 3 SYSTEMPATH\CodeIgniter.php(455): CodeIgniter\CodeIgniter->tryToRouteIt(Object(CodeIgniter\Router\RouteCollection))
 4 SYSTEMPATH\CodeIgniter.php(354): CodeIgniter\CodeIgniter->handleRequest(null, Object(Config\Cache), false)
 5 SYSTEMPATH\Boot.php(334): CodeIgniter\CodeIgniter->run()
 6 SYSTEMPATH\Boot.php(67): CodeIgniter\Boot::runCodeIgniter(Object(CodeIgniter\CodeIgniter))
 7 FCPATH\index.php(59): CodeIgniter\Boot::bootWeb(Object(Config\Paths))
CRITICAL - 2025-11-10 13:53:26 --> CodeIgniter\HTTP\Exceptions\BadRequestException: The URI you submitted has disallowed characters: "252206 - Découverte CodeIgniter"
[Method: GET, Route: 250925%20-%20Web/252206%20-%20D%C3%A9couverte%20CodeIgniter/CodeIgniter/public/]
in SYSTEMPATH\Router\Router.php on line 741.
 1 SYSTEMPATH\Router\Router.php(207): CodeIgniter\Router\Router->checkDisallowedChars('250925 - Web/252206 - Découverte CodeIgniter/CodeIgniter/public/')
 2 SYSTEMPATH\CodeIgniter.php(832): CodeIgniter\Router\Router->handle('250925 - Web/252206 - Découverte CodeIgniter/CodeIgniter/public/')
 3 SYSTEMPATH\CodeIgniter.php(455): CodeIgniter\CodeIgniter->tryToRouteIt(Object(CodeIgniter\Router\RouteCollection))
 4 SYSTEMPATH\CodeIgniter.php(354): CodeIgniter\CodeIgniter->handleRequest(null, Object(Config\Cache), false)
 5 SYSTEMPATH\Boot.php(334): CodeIgniter\CodeIgniter->run()
 6 SYSTEMPATH\Boot.php(67): CodeIgniter\Boot::runCodeIgniter(Object(CodeIgniter\CodeIgniter))
 7 FCPATH\index.php(59): CodeIgniter\Boot::bootWeb(Object(Config\Paths))
CRITICAL - 2025-11-10 13:53:27 --> CodeIgniter\HTTP\Exceptions\BadRequestException: The URI you submitted has disallowed characters: "252206 - Découverte CodeIgniter"
[Method: GET, Route: 250925%20-%20Web/252206%20-%20D%C3%A9couverte%20CodeIgniter/CodeIgniter/public/]
in SYSTEMPATH\Router\Router.php on line 741.
 1 SYSTEMPATH\Router\Router.php(207): CodeIgniter\Router\Router->checkDisallowedChars('250925 - Web/252206 - Découverte CodeIgniter/CodeIgniter/public/')
 2 SYSTEMPATH\CodeIgniter.php(832): CodeIgniter\Router\Router->handle('250925 - Web/252206 - Découverte CodeIgniter/CodeIgniter/public/')
 3 SYSTEMPATH\CodeIgniter.php(455): CodeIgniter\CodeIgniter->tryToRouteIt(Object(CodeIgniter\Router\RouteCollection))
 4 SYSTEMPATH\CodeIgniter.php(354): CodeIgniter\CodeIgniter->handleRequest(null, Object(Config\Cache), false)
 5 SYSTEMPATH\Boot.php(334): CodeIgniter\CodeIgniter->run()
 6 SYSTEMPATH\Boot.php(67): CodeIgniter\Boot::runCodeIgniter(Object(CodeIgniter\CodeIgniter))
 7 FCPATH\index.php(59): CodeIgniter\Boot::bootWeb(Object(Config\Paths))
CRITICAL - 2025-11-10 13:53:37 --> CodeIgniter\HTTP\Exceptions\BadRequestException: The URI you submitted has disallowed characters: "252206 - Découverte CodeIgniter"
[Method: GET, Route: 250925%20-%20Web/252206%20-%20D%C3%A9couverte%20CodeIgniter/CodeIgniter/public/]
in SYSTEMPATH\Router\Router.php on line 741.
 1 SYSTEMPATH\Router\Router.php(207): CodeIgniter\Router\Router->checkDisallowedChars('250925 - Web/252206 - Découverte CodeIgniter/CodeIgniter/public/')
 2 SYSTEMPATH\CodeIgniter.php(832): CodeIgniter\Router\Router->handle('250925 - Web/252206 - Découverte CodeIgniter/CodeIgniter/public/')
 3 SYSTEMPATH\CodeIgniter.php(455): CodeIgniter\CodeIgniter->tryToRouteIt(Object(CodeIgniter\Router\RouteCollection))
 4 SYSTEMPATH\CodeIgniter.php(354): CodeIgniter\CodeIgniter->handleRequest(null, Object(Config\Cache), false)
 5 SYSTEMPATH\Boot.php(334): CodeIgniter\CodeIgniter->run()
 6 SYSTEMPATH\Boot.php(67): CodeIgniter\Boot::runCodeIgniter(Object(CodeIgniter\CodeIgniter))
 7 FCPATH\index.php(59): CodeIgniter\Boot::bootWeb(Object(Config\Paths))
CRITICAL - 2025-11-10 13:53:44 --> CodeIgniter\HTTP\Exceptions\BadRequestException: The URI you submitted has disallowed characters: "252206 - Découverte CodeIgniter"
[Method: GET, Route: 250925%20-%20Web/252206%20-%20D%C3%A9couverte%20CodeIgniter/CodeIgniter/public/]
in SYSTEMPATH\Router\Router.php on line 741.
 1 SYSTEMPATH\Router\Router.php(207): CodeIgniter\Router\Router->checkDisallowedChars('250925 - Web/252206 - Découverte CodeIgniter/CodeIgniter/public/')
 2 SYSTEMPATH\CodeIgniter.php(832): CodeIgniter\Router\Router->handle('250925 - Web/252206 - Découverte CodeIgniter/CodeIgniter/public/')
 3 SYSTEMPATH\CodeIgniter.php(455): CodeIgniter\CodeIgniter->tryToRouteIt(Object(CodeIgniter\Router\RouteCollection))
 4 SYSTEMPATH\CodeIgniter.php(354): CodeIgniter\CodeIgniter->handleRequest(null, Object(Config\Cache), false)
 5 SYSTEMPATH\Boot.php(334): CodeIgniter\CodeIgniter->run()
 6 SYSTEMPATH\Boot.php(67): CodeIgniter\Boot::runCodeIgniter(Object(CodeIgniter\CodeIgniter))
 7 FCPATH\index.php(59): CodeIgniter\Boot::bootWeb(Object(Config\Paths))
CRITICAL - 2025-11-10 13:53:45 --> CodeIgniter\HTTP\Exceptions\BadRequestException: The URI you submitted has disallowed characters: "252206 - Découverte CodeIgniter"
[Method: GET, Route: 250925%20-%20Web/252206%20-%20D%C3%A9couverte%20CodeIgniter/CodeIgniter/public/]
in SYSTEMPATH\Router\Router.php on line 741.
 1 SYSTEMPATH\Router\Router.php(207): CodeIgniter\Router\Router->checkDisallowedChars('250925 - Web/252206 - Découverte CodeIgniter/CodeIgniter/public/')
 2 SYSTEMPATH\CodeIgniter.php(832): CodeIgniter\Router\Router->handle('250925 - Web/252206 - Découverte CodeIgniter/CodeIgniter/public/')
 3 SYSTEMPATH\CodeIgniter.php(455): CodeIgniter\CodeIgniter->tryToRouteIt(Object(CodeIgniter\Router\RouteCollection))
 4 SYSTEMPATH\CodeIgniter.php(354): CodeIgniter\CodeIgniter->handleRequest(null, Object(Config\Cache), false)
 5 SYSTEMPATH\Boot.php(334): CodeIgniter\CodeIgniter->run()
 6 SYSTEMPATH\Boot.php(67): CodeIgniter\Boot::runCodeIgniter(Object(CodeIgniter\CodeIgniter))
 7 FCPATH\index.php(59): CodeIgniter\Boot::bootWeb(Object(Config\Paths))
CRITICAL - 2025-11-10 13:54:11 --> CodeIgniter\HTTP\Exceptions\BadRequestException: The URI you submitted has disallowed characters: "252206 - Découverte CodeIgniter"
[Method: GET, Route: 250925%20-%20Web/252206%20-%20D%C3%A9couverte%20CodeIgniter/CodeIgniter/public/]
in SYSTEMPATH\Router\Router.php on line 741.
 1 SYSTEMPATH\Router\Router.php(207): CodeIgniter\Router\Router->checkDisallowedChars('250925 - Web/252206 - Découverte CodeIgniter/CodeIgniter/public/')
 2 SYSTEMPATH\CodeIgniter.php(832): CodeIgniter\Router\Router->handle('250925 - Web/252206 - Découverte CodeIgniter/CodeIgniter/public/')
 3 SYSTEMPATH\CodeIgniter.php(455): CodeIgniter\CodeIgniter->tryToRouteIt(Object(CodeIgniter\Router\RouteCollection))
 4 SYSTEMPATH\CodeIgniter.php(354): CodeIgniter\CodeIgniter->handleRequest(null, Object(Config\Cache), false)
 5 SYSTEMPATH\Boot.php(334): CodeIgniter\CodeIgniter->run()
 6 SYSTEMPATH\Boot.php(67): CodeIgniter\Boot::runCodeIgniter(Object(CodeIgniter\CodeIgniter))
 7 FCPATH\index.php(59): CodeIgniter\Boot::bootWeb(Object(Config\Paths))
CRITICAL - 2025-11-10 13:54:13 --> CodeIgniter\HTTP\Exceptions\BadRequestException: The URI you submitted has disallowed characters: "252206 - Découverte CodeIgniter"
[Method: GET, Route: 250925%20-%20Web/252206%20-%20D%C3%A9couverte%20CodeIgniter/CodeIgniter/public/]
in SYSTEMPATH\Router\Router.php on line 741.
 1 SYSTEMPATH\Router\Router.php(207): CodeIgniter\Router\Router->checkDisallowedChars('250925 - Web/252206 - Découverte CodeIgniter/CodeIgniter/public/')
 2 SYSTEMPATH\CodeIgniter.php(832): CodeIgniter\Router\Router->handle('250925 - Web/252206 - Découverte CodeIgniter/CodeIgniter/public/')
 3 SYSTEMPATH\CodeIgniter.php(455): CodeIgniter\CodeIgniter->tryToRouteIt(Object(CodeIgniter\Router\RouteCollection))
 4 SYSTEMPATH\CodeIgniter.php(354): CodeIgniter\CodeIgniter->handleRequest(null, Object(Config\Cache), false)
 5 SYSTEMPATH\Boot.php(334): CodeIgniter\CodeIgniter->run()
 6 SYSTEMPATH\Boot.php(67): CodeIgniter\Boot::runCodeIgniter(Object(CodeIgniter\CodeIgniter))
 7 FCPATH\index.php(59): CodeIgniter\Boot::bootWeb(Object(Config\Paths))
