DEBUG - 2026-01-20 17:10:30 --> Session: Class initialized using 'CodeIgniter\Session\Handlers\FileHandler' driver.
DEBUG - 2026-01-20 17:18:03 --> Session: Class initialized using 'CodeIgniter\Session\Handlers\FileHandler' driver.
DEBUG - 2026-01-20 17:18:29 --> Session: Class initialized using 'CodeIgniter\Session\Handlers\FileHandler' driver.
DEBUG - 2026-01-20 17:18:30 --> Session: Class initialized using 'CodeIgniter\Session\Handlers\FileHandler' driver.
DEBUG - 2026-01-20 17:18:31 --> Session: Class initialized using 'CodeIgniter\Session\Handlers\FileHandler' driver.
DEBUG - 2026-01-20 17:23:01 --> Session: Class initialized using 'CodeIgniter\Session\Handlers\FileHandler' driver.
DEBUG - 2026-01-20 17:25:45 --> Session: Class initialized using 'CodeIgniter\Session\Handlers\FileHandler' driver.
DEBUG - 2026-01-20 17:28:22 --> Session: Class initialized using 'CodeIgniter\Session\Handlers\FileHandler' driver.
DEBUG - 2026-01-20 17:28:27 --> Session: Class initialized using 'CodeIgniter\Session\Handlers\FileHandler' driver.
DEBUG - 2026-01-20 17:29:23 --> Session: Class initialized using 'CodeIgniter\Session\Handlers\FileHandler' driver.
DEBUG - 2026-01-20 17:29:39 --> Session: Class initialized using 'CodeIgniter\Session\Handlers\FileHandler' driver.
DEBUG - 2026-01-20 17:30:23 --> Session: Class initialized using 'CodeIgniter\Session\Handlers\FileHandler' driver.
DEBUG - 2026-01-20 17:30:25 --> Session: Class initialized using 'CodeIgniter\Session\Handlers\FileHandler' driver.
DEBUG - 2026-01-20 17:31:17 --> Session: Class initialized using 'CodeIgniter\Session\Handlers\FileHandler' driver.
DEBUG - 2026-01-20 17:31:18 --> Session: Class initialized using 'CodeIgniter\Session\Handlers\FileHandler' driver.
DEBUG - 2026-01-20 17:32:05 --> Session: Class initialized using 'CodeIgniter\Session\Handlers\FileHandler' driver.
DEBUG - 2026-01-20 17:32:33 --> Session: Class initialized using 'CodeIgniter\Session\Handlers\FileHandler' driver.
DEBUG - 2026-01-20 17:32:39 --> Session: Class initialized using 'CodeIgniter\Session\Handlers\FileHandler' driver.
DEBUG - 2026-01-20 17:32:50 --> Session: Class initialized using 'CodeIgniter\Session\Handlers\FileHandler' driver.
DEBUG - 2026-01-20 17:33:38 --> Session: Class initialized using 'CodeIgniter\Session\Handlers\FileHandler' driver.
DEBUG - 2026-01-20 17:33:39 --> Session: Class initialized using 'CodeIgniter\Session\Handlers\FileHandler' driver.
DEBUG - 2026-01-20 17:34:12 --> Session: Class initialized using 'CodeIgniter\Session\Handlers\FileHandler' driver.
DEBUG - 2026-01-20 17:38:17 --> Session: Class initialized using 'CodeIgniter\Session\Handlers\FileHandler' driver.
DEBUG - 2026-01-20 17:38:42 --> Session: Class initialized using 'CodeIgniter\Session\Handlers\FileHandler' driver.
DEBUG - 2026-01-20 17:39:13 --> Session: Class initialized using 'CodeIgniter\Session\Handlers\FileHandler' driver.
DEBUG - 2026-01-20 17:43:05 --> Session: Class initialized using 'CodeIgniter\Session\Handlers\FileHandler' driver.
DEBUG - 2026-01-20 17:43:20 --> Session: Class initialized using 'CodeIgniter\Session\Handlers\FileHandler' driver.
DEBUG - 2026-01-20 17:43:25 --> Session: Class initialized using 'CodeIgniter\Session\Handlers\FileHandler' driver.
ERROR - 2026-01-20 18:42:05 --> Error connecting to the database: mysqli_sql_exception: Unknown database 'b13_39213320_dbpec' in D:\www\Site-du-PEC\htdocs\system\Database\MySQLi\Connection.php:201
Stack trace:
#0 D:\www\Site-du-PEC\htdocs\system\Database\MySQLi\Connection.php(201): mysqli->real_connect('localhost', 'b13_39213320', Object(SensitiveParameterValue), 'b13_39213320_db...', 3306, '', 0)
#1 D:\www\Site-du-PEC\htdocs\system\Database\BaseConnection.php(421): CodeIgniter\Database\MySQLi\Connection->connect(false)
#2 D:\www\Site-du-PEC\htdocs\system\Database\BaseConnection.php(620): CodeIgniter\Database\BaseConnection->initialize()
#3 D:\www\Site-du-PEC\htdocs\system\Database\BaseBuilder.php(1649): CodeIgniter\Database\BaseConnection->query('SELECT `image`,...', Array, false)
#4 D:\www\Site-du-PEC\htdocs\app\Models\Donnees.php(24): CodeIgniter\Database\BaseBuilder->get()
#5 D:\www\Site-du-PEC\htdocs\app\Controllers\Home.php(24): App\Models\Donnees->getGeneral()
#6 D:\www\Site-du-PEC\htdocs\system\CodeIgniter.php(903): App\Controllers\Home->__construct()
#7 D:\www\Site-du-PEC\htdocs\system\CodeIgniter.php(498): CodeIgniter\CodeIgniter->createController()
#8 D:\www\Site-du-PEC\htdocs\system\CodeIgniter.php(354): CodeIgniter\CodeIgniter->handleRequest(NULL, Object(Config\Cache), false)
#9 D:\www\Site-du-PEC\htdocs\system\Boot.php(334): CodeIgniter\CodeIgniter->run()
#10 D:\www\Site-du-PEC\htdocs\system\Boot.php(67): CodeIgniter\Boot::runCodeIgniter(Object(CodeIgniter\CodeIgniter))
#11 D:\www\Site-du-PEC\htdocs\public\index.php(68): CodeIgniter\Boot::bootWeb(Object(Config\Paths))
#12 {main}

Next CodeIgniter\Database\Exceptions\DatabaseException: Unknown database '****_dbpec' in D:\www\Site-du-PEC\htdocs\system\Database\MySQLi\Connection.php:246
Stack trace:
#0 D:\www\Site-du-PEC\htdocs\system\Database\BaseConnection.php(421): CodeIgniter\Database\MySQLi\Connection->connect(false)
#1 D:\www\Site-du-PEC\htdocs\system\Database\BaseConnection.php(620): CodeIgniter\Database\BaseConnection->initialize()
#2 D:\www\Site-du-PEC\htdocs\system\Database\BaseBuilder.php(1649): CodeIgniter\Database\BaseConnection->query('SELECT `image`,...', Array, false)
#3 D:\www\Site-du-PEC\htdocs\app\Models\Donnees.php(24): CodeIgniter\Database\BaseBuilder->get()
#4 D:\www\Site-du-PEC\htdocs\app\Controllers\Home.php(24): App\Models\Donnees->getGeneral()
#5 D:\www\Site-du-PEC\htdocs\system\CodeIgniter.php(903): App\Controllers\Home->__construct()
#6 D:\www\Site-du-PEC\htdocs\system\CodeIgniter.php(498): CodeIgniter\CodeIgniter->createController()
#7 D:\www\Site-du-PEC\htdocs\system\CodeIgniter.php(354): CodeIgniter\CodeIgniter->handleRequest(NULL, Object(Config\Cache), false)
#8 D:\www\Site-du-PEC\htdocs\system\Boot.php(334): CodeIgniter\CodeIgniter->run()
#9 D:\www\Site-du-PEC\htdocs\system\Boot.php(67): CodeIgniter\Boot::runCodeIgniter(Object(CodeIgniter\CodeIgniter))
#10 D:\www\Site-du-PEC\htdocs\public\index.php(68): CodeIgniter\Boot::bootWeb(Object(Config\Paths))
#11 {main}
CRITICAL - 2026-01-20 18:42:05 --> CodeIgniter\Database\Exceptions\DatabaseException: Unable to connect to the database.
Main connection [MySQLi]: Unknown database '****_dbpec'
[Method: GET, Route: /]
in SYSTEMPATH\Database\BaseConnection.php on line 467.
 1 SYSTEMPATH\Database\BaseConnection.php(620): CodeIgniter\Database\BaseConnection->initialize()
 2 SYSTEMPATH\Database\BaseBuilder.php(1649): CodeIgniter\Database\BaseConnection->query('SELECT `image`, `nomClub`, `description`, `philosophie`, `nombreNageurs`, `projetSportif`, `lienFacebook`, `lienInstagram`, `lienffessm`, `lienDrive`, ROUND(nombreHommes / nombreNageurs * 100, 1) as pourcentH, ROUND((nombreNageurs - nombreHommes) / nombreNageurs * 100, 1) as pourcentF
FROM `general`', [], false)
 3 APPPATH\Models\Donnees.php(24): CodeIgniter\Database\BaseBuilder->get()
 4 APPPATH\Controllers\Home.php(24): App\Models\Donnees->getGeneral()
 5 SYSTEMPATH\CodeIgniter.php(903): App\Controllers\Home->__construct()
 6 SYSTEMPATH\CodeIgniter.php(498): CodeIgniter\CodeIgniter->createController()
 7 SYSTEMPATH\CodeIgniter.php(354): CodeIgniter\CodeIgniter->handleRequest(null, Object(Config\Cache), false)
 8 SYSTEMPATH\Boot.php(334): CodeIgniter\CodeIgniter->run()
 9 SYSTEMPATH\Boot.php(67): CodeIgniter\Boot::runCodeIgniter(Object(CodeIgniter\CodeIgniter))
10 FCPATH\index.php(68): CodeIgniter\Boot::bootWeb(Object(Config\Paths))
ERROR - 2026-01-20 18:42:20 --> Error connecting to the database: mysqli_sql_exception: Unknown database 'b13_39213320_dbpec' in D:\www\Site-du-PEC\htdocs\system\Database\MySQLi\Connection.php:201
Stack trace:
#0 D:\www\Site-du-PEC\htdocs\system\Database\MySQLi\Connection.php(201): mysqli->real_connect('localhost', 'b13_39213320', Object(SensitiveParameterValue), 'b13_39213320_db...', 3306, '', 0)
#1 D:\www\Site-du-PEC\htdocs\system\Database\BaseConnection.php(421): CodeIgniter\Database\MySQLi\Connection->connect(false)
#2 D:\www\Site-du-PEC\htdocs\system\Database\BaseConnection.php(620): CodeIgniter\Database\BaseConnection->initialize()
#3 D:\www\Site-du-PEC\htdocs\system\Database\BaseConnection.php(1525): CodeIgniter\Database\BaseConnection->query('SHOW TABLES FRO...')
#4 D:\www\Site-du-PEC\htdocs\system\Database\BaseConnection.php(1545): CodeIgniter\Database\BaseConnection->listTables()
#5 D:\www\Site-du-PEC\htdocs\system\Database\MigrationRunner.php(768): CodeIgniter\Database\BaseConnection->tableExists('migrations')
#6 D:\www\Site-du-PEC\htdocs\system\Database\MigrationRunner.php(231): CodeIgniter\Database\MigrationRunner->ensureTable()
#7 D:\www\Site-du-PEC\htdocs\system\Commands\Database\MigrateRollback.php(101): CodeIgniter\Database\MigrationRunner->regress(0)
#8 D:\www\Site-du-PEC\htdocs\system\CLI\Commands.php(74): CodeIgniter\Commands\Database\MigrateRollback->run(Array)
#9 D:\www\Site-du-PEC\htdocs\system\CLI\BaseCommand.php(119): CodeIgniter\CLI\Commands->run('migrate:rollbac...', Array)
#10 D:\www\Site-du-PEC\htdocs\system\Commands\Database\MigrateRefresh.php(86): CodeIgniter\CLI\BaseCommand->call('migrate:rollbac...', Array)
#11 D:\www\Site-du-PEC\htdocs\system\CLI\Commands.php(74): CodeIgniter\Commands\Database\MigrateRefresh->run(Array)
#12 D:\www\Site-du-PEC\htdocs\system\CLI\Console.php(47): CodeIgniter\CLI\Commands->run('migrate:refresh', Array)
#13 D:\www\Site-du-PEC\htdocs\system\Boot.php(360): CodeIgniter\CLI\Console->run()
#14 D:\www\Site-du-PEC\htdocs\system\Boot.php(104): CodeIgniter\Boot::runCommand(Object(CodeIgniter\CLI\Console))
#15 D:\www\Site-du-PEC\htdocs\spark(87): CodeIgniter\Boot::bootSpark(Object(Config\Paths))
#16 {main}

Next CodeIgniter\Database\Exceptions\DatabaseException: Unknown database '****_dbpec' in D:\www\Site-du-PEC\htdocs\system\Database\MySQLi\Connection.php:246
Stack trace:
#0 D:\www\Site-du-PEC\htdocs\system\Database\BaseConnection.php(421): CodeIgniter\Database\MySQLi\Connection->connect(false)
#1 D:\www\Site-du-PEC\htdocs\system\Database\BaseConnection.php(620): CodeIgniter\Database\BaseConnection->initialize()
#2 D:\www\Site-du-PEC\htdocs\system\Database\BaseConnection.php(1525): CodeIgniter\Database\BaseConnection->query('SHOW TABLES FRO...')
#3 D:\www\Site-du-PEC\htdocs\system\Database\BaseConnection.php(1545): CodeIgniter\Database\BaseConnection->listTables()
#4 D:\www\Site-du-PEC\htdocs\system\Database\MigrationRunner.php(768): CodeIgniter\Database\BaseConnection->tableExists('migrations')
#5 D:\www\Site-du-PEC\htdocs\system\Database\MigrationRunner.php(231): CodeIgniter\Database\MigrationRunner->ensureTable()
#6 D:\www\Site-du-PEC\htdocs\system\Commands\Database\MigrateRollback.php(101): CodeIgniter\Database\MigrationRunner->regress(0)
#7 D:\www\Site-du-PEC\htdocs\system\CLI\Commands.php(74): CodeIgniter\Commands\Database\MigrateRollback->run(Array)
#8 D:\www\Site-du-PEC\htdocs\system\CLI\BaseCommand.php(119): CodeIgniter\CLI\Commands->run('migrate:rollbac...', Array)
#9 D:\www\Site-du-PEC\htdocs\system\Commands\Database\MigrateRefresh.php(86): CodeIgniter\CLI\BaseCommand->call('migrate:rollbac...', Array)
#10 D:\www\Site-du-PEC\htdocs\system\CLI\Commands.php(74): CodeIgniter\Commands\Database\MigrateRefresh->run(Array)
#11 D:\www\Site-du-PEC\htdocs\system\CLI\Console.php(47): CodeIgniter\CLI\Commands->run('migrate:refresh', Array)
#12 D:\www\Site-du-PEC\htdocs\system\Boot.php(360): CodeIgniter\CLI\Console->run()
#13 D:\www\Site-du-PEC\htdocs\system\Boot.php(104): CodeIgniter\Boot::runCommand(Object(CodeIgniter\CLI\Console))
#14 D:\www\Site-du-PEC\htdocs\spark(87): CodeIgniter\Boot::bootSpark(Object(Config\Paths))
#15 {main}
ERROR - 2026-01-20 18:42:20 --> Error connecting to the database: mysqli_sql_exception: Unknown database 'b13_39213320_dbpec' in D:\www\Site-du-PEC\htdocs\system\Database\MySQLi\Connection.php:201
Stack trace:
#0 D:\www\Site-du-PEC\htdocs\system\Database\MySQLi\Connection.php(201): mysqli->real_connect('localhost', 'b13_39213320', Object(SensitiveParameterValue), 'b13_39213320_db...', 3306, '', 0)
#1 D:\www\Site-du-PEC\htdocs\system\Database\BaseConnection.php(421): CodeIgniter\Database\MySQLi\Connection->connect(false)
#2 D:\www\Site-du-PEC\htdocs\system\Database\BaseConnection.php(620): CodeIgniter\Database\BaseConnection->initialize()
#3 D:\www\Site-du-PEC\htdocs\system\Database\BaseConnection.php(1525): CodeIgniter\Database\BaseConnection->query('SHOW TABLES FRO...')
#4 D:\www\Site-du-PEC\htdocs\system\Database\BaseConnection.php(1545): CodeIgniter\Database\BaseConnection->listTables()
#5 D:\www\Site-du-PEC\htdocs\system\Database\MigrationRunner.php(768): CodeIgniter\Database\BaseConnection->tableExists('migrations')
#6 D:\www\Site-du-PEC\htdocs\system\Database\MigrationRunner.php(162): CodeIgniter\Database\MigrationRunner->ensureTable()
#7 D:\www\Site-du-PEC\htdocs\system\Commands\Database\Migrate.php(85): CodeIgniter\Database\MigrationRunner->latest(NULL)
#8 D:\www\Site-du-PEC\htdocs\system\CLI\Commands.php(74): CodeIgniter\Commands\Database\Migrate->run(Array)
#9 D:\www\Site-du-PEC\htdocs\system\CLI\BaseCommand.php(119): CodeIgniter\CLI\Commands->run('migrate', Array)
#10 D:\www\Site-du-PEC\htdocs\system\Commands\Database\MigrateRefresh.php(87): CodeIgniter\CLI\BaseCommand->call('migrate', Array)
#11 D:\www\Site-du-PEC\htdocs\system\CLI\Commands.php(74): CodeIgniter\Commands\Database\MigrateRefresh->run(Array)
#12 D:\www\Site-du-PEC\htdocs\system\CLI\Console.php(47): CodeIgniter\CLI\Commands->run('migrate:refresh', Array)
#13 D:\www\Site-du-PEC\htdocs\system\Boot.php(360): CodeIgniter\CLI\Console->run()
#14 D:\www\Site-du-PEC\htdocs\system\Boot.php(104): CodeIgniter\Boot::runCommand(Object(CodeIgniter\CLI\Console))
#15 D:\www\Site-du-PEC\htdocs\spark(87): CodeIgniter\Boot::bootSpark(Object(Config\Paths))
#16 {main}

Next CodeIgniter\Database\Exceptions\DatabaseException: Unknown database '****_dbpec' in D:\www\Site-du-PEC\htdocs\system\Database\MySQLi\Connection.php:246
Stack trace:
#0 D:\www\Site-du-PEC\htdocs\system\Database\BaseConnection.php(421): CodeIgniter\Database\MySQLi\Connection->connect(false)
#1 D:\www\Site-du-PEC\htdocs\system\Database\BaseConnection.php(620): CodeIgniter\Database\BaseConnection->initialize()
#2 D:\www\Site-du-PEC\htdocs\system\Database\BaseConnection.php(1525): CodeIgniter\Database\BaseConnection->query('SHOW TABLES FRO...')
#3 D:\www\Site-du-PEC\htdocs\system\Database\BaseConnection.php(1545): CodeIgniter\Database\BaseConnection->listTables()
#4 D:\www\Site-du-PEC\htdocs\system\Database\MigrationRunner.php(768): CodeIgniter\Database\BaseConnection->tableExists('migrations')
#5 D:\www\Site-du-PEC\htdocs\system\Database\MigrationRunner.php(162): CodeIgniter\Database\MigrationRunner->ensureTable()
#6 D:\www\Site-du-PEC\htdocs\system\Commands\Database\Migrate.php(85): CodeIgniter\Database\MigrationRunner->latest(NULL)
#7 D:\www\Site-du-PEC\htdocs\system\CLI\Commands.php(74): CodeIgniter\Commands\Database\Migrate->run(Array)
#8 D:\www\Site-du-PEC\htdocs\system\CLI\BaseCommand.php(119): CodeIgniter\CLI\Commands->run('migrate', Array)
#9 D:\www\Site-du-PEC\htdocs\system\Commands\Database\MigrateRefresh.php(87): CodeIgniter\CLI\BaseCommand->call('migrate', Array)
#10 D:\www\Site-du-PEC\htdocs\system\CLI\Commands.php(74): CodeIgniter\Commands\Database\MigrateRefresh->run(Array)
#11 D:\www\Site-du-PEC\htdocs\system\CLI\Console.php(47): CodeIgniter\CLI\Commands->run('migrate:refresh', Array)
#12 D:\www\Site-du-PEC\htdocs\system\Boot.php(360): CodeIgniter\CLI\Console->run()
#13 D:\www\Site-du-PEC\htdocs\system\Boot.php(104): CodeIgniter\Boot::runCommand(Object(CodeIgniter\CLI\Console))
#14 D:\www\Site-du-PEC\htdocs\spark(87): CodeIgniter\Boot::bootSpark(Object(Config\Paths))
#15 {main}
DEBUG - 2026-01-20 18:45:57 --> Session: Class initialized using 'CodeIgniter\Session\Handlers\FileHandler' driver.
