DEBUG - 2026-01-08 17:11:57 --> Session: Class initialized using 'CodeIgniter\Session\Handlers\FileHandler' driver.
DEBUG - 2026-01-08 17:12:03 --> Session: Class initialized using 'CodeIgniter\Session\Handlers\FileHandler' driver.
DEBUG - 2026-01-08 17:12:22 --> Session: Class initialized using 'CodeIgniter\Session\Handlers\FileHandler' driver.
DEBUG - 2026-01-08 17:12:37 --> Session: Class initialized using 'CodeIgniter\Session\Handlers\FileHandler' driver.
DEBUG - 2026-01-08 17:12:44 --> Session: Class initialized using 'CodeIgniter\Session\Handlers\FileHandler' driver.
DEBUG - 2026-01-08 17:13:01 --> Session: Class initialized using 'CodeIgniter\Session\Handlers\FileHandler' driver.
DEBUG - 2026-01-08 17:13:01 --> Session: Class initialized using 'CodeIgniter\Session\Handlers\FileHandler' driver.
ERROR - 2026-01-08 17:13:17 --> mysqli_sql_exception: Table 'disciplines' already exists in D:\www\Site-du-PEC\system\Database\MySQLi\Connection.php:327
Stack trace:
#0 D:\www\Site-du-PEC\system\Database\MySQLi\Connection.php(327): mysqli->query('CREATE TABLE `d...', 0)
#1 D:\www\Site-du-PEC\system\Database\BaseConnection.php(738): CodeIgniter\Database\MySQLi\Connection->execute('CREATE TABLE `d...')
#2 D:\www\Site-du-PEC\system\Database\BaseConnection.php(652): CodeIgniter\Database\BaseConnection->simpleQuery('CREATE TABLE `d...')
#3 D:\www\Site-du-PEC\system\Database\Forge.php(570): CodeIgniter\Database\BaseConnection->query('CREATE TABLE `d...')
#4 D:\www\Site-du-PEC\app\Database\Migrations\2026-01-05-000003_CreateDisciplines.php(18): CodeIgniter\Database\Forge->createTable('disciplines')
#5 D:\www\Site-du-PEC\system\Database\MigrationRunner.php(876): App\Database\Migrations\CreateDisciplines->up()
#6 D:\www\Site-du-PEC\system\Database\MigrationRunner.php(182): CodeIgniter\Database\MigrationRunner->migrate('up', Object(stdClass))
#7 D:\www\Site-du-PEC\system\Commands\Database\Migrate.php(85): CodeIgniter\Database\MigrationRunner->latest(NULL)
#8 D:\www\Site-du-PEC\system\CLI\Commands.php(74): CodeIgniter\Commands\Database\Migrate->run(Array)
#9 D:\www\Site-du-PEC\system\CLI\BaseCommand.php(119): CodeIgniter\CLI\Commands->run('migrate', Array)
#10 D:\www\Site-du-PEC\system\Commands\Database\MigrateRefresh.php(87): CodeIgniter\CLI\BaseCommand->call('migrate', Array)
#11 D:\www\Site-du-PEC\system\CLI\Commands.php(74): CodeIgniter\Commands\Database\MigrateRefresh->run(Array)
#12 D:\www\Site-du-PEC\system\CLI\Console.php(47): CodeIgniter\CLI\Commands->run('migrate:refresh', Array)
#13 D:\www\Site-du-PEC\system\Boot.php(360): CodeIgniter\CLI\Console->run()
#14 D:\www\Site-du-PEC\system\Boot.php(104): CodeIgniter\Boot::runCommand(Object(CodeIgniter\CLI\Console))
#15 D:\www\Site-du-PEC\spark(87): CodeIgniter\Boot::bootSpark(Object(Config\Paths))
#16 {main}
ERROR - 2026-01-08 17:23:11 --> Error connecting to the database: mysqli_sql_exception: Une tentative de connexion a échoué car le parti connecté n’a pas répondu convenablement au-delà d’une certaine durée ou une connexion établie a échoué car l’hôte de connexion n’a pas répondu in D:\www\Site-du-PEC\system\Database\MySQLi\Connection.php:201
Stack trace:
#0 D:\www\Site-du-PEC\system\Database\MySQLi\Connection.php(201): mysqli->real_connect('sql313.byethost...', 'b13_39213320', Object(SensitiveParameterValue), 'b13_39213320_db...', 3306, '', 0)
#1 D:\www\Site-du-PEC\system\Database\BaseConnection.php(421): CodeIgniter\Database\MySQLi\Connection->connect(false)
#2 D:\www\Site-du-PEC\system\Database\BaseConnection.php(620): CodeIgniter\Database\BaseConnection->initialize()
#3 D:\www\Site-du-PEC\system\Database\BaseConnection.php(1525): CodeIgniter\Database\BaseConnection->query('SHOW TABLES FRO...')
#4 D:\www\Site-du-PEC\system\Database\BaseConnection.php(1545): CodeIgniter\Database\BaseConnection->listTables()
#5 D:\www\Site-du-PEC\system\Database\MigrationRunner.php(768): CodeIgniter\Database\BaseConnection->tableExists('migrations')
#6 D:\www\Site-du-PEC\system\Database\MigrationRunner.php(231): CodeIgniter\Database\MigrationRunner->ensureTable()
#7 D:\www\Site-du-PEC\system\Commands\Database\MigrateRollback.php(101): CodeIgniter\Database\MigrationRunner->regress(0)
#8 D:\www\Site-du-PEC\system\CLI\Commands.php(74): CodeIgniter\Commands\Database\MigrateRollback->run(Array)
#9 D:\www\Site-du-PEC\system\CLI\BaseCommand.php(119): CodeIgniter\CLI\Commands->run('migrate:rollbac...', Array)
#10 D:\www\Site-du-PEC\system\Commands\Database\MigrateRefresh.php(86): CodeIgniter\CLI\BaseCommand->call('migrate:rollbac...', Array)
#11 D:\www\Site-du-PEC\system\CLI\Commands.php(74): CodeIgniter\Commands\Database\MigrateRefresh->run(Array)
#12 D:\www\Site-du-PEC\system\CLI\Console.php(47): CodeIgniter\CLI\Commands->run('migrate:refresh', Array)
#13 D:\www\Site-du-PEC\system\Boot.php(360): CodeIgniter\CLI\Console->run()
#14 D:\www\Site-du-PEC\system\Boot.php(104): CodeIgniter\Boot::runCommand(Object(CodeIgniter\CLI\Console))
#15 D:\www\Site-du-PEC\spark(87): CodeIgniter\Boot::bootSpark(Object(Config\Paths))
#16 {main}

Next CodeIgniter\Database\Exceptions\DatabaseException: Une tentative de connexion a échoué car le parti connecté n’a pas répondu convenablement au-delà d’une certaine durée ou une connexion établie a échoué car l’hôte de connexion n’a pas répondu in D:\www\Site-du-PEC\system\Database\MySQLi\Connection.php:246
Stack trace:
#0 D:\www\Site-du-PEC\system\Database\BaseConnection.php(421): CodeIgniter\Database\MySQLi\Connection->connect(false)
#1 D:\www\Site-du-PEC\system\Database\BaseConnection.php(620): CodeIgniter\Database\BaseConnection->initialize()
#2 D:\www\Site-du-PEC\system\Database\BaseConnection.php(1525): CodeIgniter\Database\BaseConnection->query('SHOW TABLES FRO...')
#3 D:\www\Site-du-PEC\system\Database\BaseConnection.php(1545): CodeIgniter\Database\BaseConnection->listTables()
#4 D:\www\Site-du-PEC\system\Database\MigrationRunner.php(768): CodeIgniter\Database\BaseConnection->tableExists('migrations')
#5 D:\www\Site-du-PEC\system\Database\MigrationRunner.php(231): CodeIgniter\Database\MigrationRunner->ensureTable()
#6 D:\www\Site-du-PEC\system\Commands\Database\MigrateRollback.php(101): CodeIgniter\Database\MigrationRunner->regress(0)
#7 D:\www\Site-du-PEC\system\CLI\Commands.php(74): CodeIgniter\Commands\Database\MigrateRollback->run(Array)
#8 D:\www\Site-du-PEC\system\CLI\BaseCommand.php(119): CodeIgniter\CLI\Commands->run('migrate:rollbac...', Array)
#9 D:\www\Site-du-PEC\system\Commands\Database\MigrateRefresh.php(86): CodeIgniter\CLI\BaseCommand->call('migrate:rollbac...', Array)
#10 D:\www\Site-du-PEC\system\CLI\Commands.php(74): CodeIgniter\Commands\Database\MigrateRefresh->run(Array)
#11 D:\www\Site-du-PEC\system\CLI\Console.php(47): CodeIgniter\CLI\Commands->run('migrate:refresh', Array)
#12 D:\www\Site-du-PEC\system\Boot.php(360): CodeIgniter\CLI\Console->run()
#13 D:\www\Site-du-PEC\system\Boot.php(104): CodeIgniter\Boot::runCommand(Object(CodeIgniter\CLI\Console))
#14 D:\www\Site-du-PEC\spark(87): CodeIgniter\Boot::bootSpark(Object(Config\Paths))
#15 {main}
ERROR - 2026-01-08 17:23:21 --> Error connecting to the database: mysqli_sql_exception: Une tentative de connexion a échoué car le parti connecté n’a pas répondu convenablement au-delà d’une certaine durée ou une connexion établie a échoué car l’hôte de connexion n’a pas répondu in D:\www\Site-du-PEC\system\Database\MySQLi\Connection.php:201
Stack trace:
#0 D:\www\Site-du-PEC\system\Database\MySQLi\Connection.php(201): mysqli->real_connect('sql313.byethost...', 'b13_39213320', Object(SensitiveParameterValue), 'b13_39213320_db...', 3306, '', 0)
#1 D:\www\Site-du-PEC\system\Database\BaseConnection.php(421): CodeIgniter\Database\MySQLi\Connection->connect(false)
#2 D:\www\Site-du-PEC\system\Database\BaseConnection.php(620): CodeIgniter\Database\BaseConnection->initialize()
#3 D:\www\Site-du-PEC\system\Database\BaseConnection.php(1525): CodeIgniter\Database\BaseConnection->query('SHOW TABLES FRO...')
#4 D:\www\Site-du-PEC\system\Database\BaseConnection.php(1545): CodeIgniter\Database\BaseConnection->listTables()
#5 D:\www\Site-du-PEC\system\Database\MigrationRunner.php(768): CodeIgniter\Database\BaseConnection->tableExists('migrations')
#6 D:\www\Site-du-PEC\system\Database\MigrationRunner.php(162): CodeIgniter\Database\MigrationRunner->ensureTable()
#7 D:\www\Site-du-PEC\system\Commands\Database\Migrate.php(85): CodeIgniter\Database\MigrationRunner->latest(NULL)
#8 D:\www\Site-du-PEC\system\CLI\Commands.php(74): CodeIgniter\Commands\Database\Migrate->run(Array)
#9 D:\www\Site-du-PEC\system\CLI\BaseCommand.php(119): CodeIgniter\CLI\Commands->run('migrate', Array)
#10 D:\www\Site-du-PEC\system\Commands\Database\MigrateRefresh.php(87): CodeIgniter\CLI\BaseCommand->call('migrate', Array)
#11 D:\www\Site-du-PEC\system\CLI\Commands.php(74): CodeIgniter\Commands\Database\MigrateRefresh->run(Array)
#12 D:\www\Site-du-PEC\system\CLI\Console.php(47): CodeIgniter\CLI\Commands->run('migrate:refresh', Array)
#13 D:\www\Site-du-PEC\system\Boot.php(360): CodeIgniter\CLI\Console->run()
#14 D:\www\Site-du-PEC\system\Boot.php(104): CodeIgniter\Boot::runCommand(Object(CodeIgniter\CLI\Console))
#15 D:\www\Site-du-PEC\spark(87): CodeIgniter\Boot::bootSpark(Object(Config\Paths))
#16 {main}

Next CodeIgniter\Database\Exceptions\DatabaseException: Une tentative de connexion a échoué car le parti connecté n’a pas répondu convenablement au-delà d’une certaine durée ou une connexion établie a échoué car l’hôte de connexion n’a pas répondu in D:\www\Site-du-PEC\system\Database\MySQLi\Connection.php:246
Stack trace:
#0 D:\www\Site-du-PEC\system\Database\BaseConnection.php(421): CodeIgniter\Database\MySQLi\Connection->connect(false)
#1 D:\www\Site-du-PEC\system\Database\BaseConnection.php(620): CodeIgniter\Database\BaseConnection->initialize()
#2 D:\www\Site-du-PEC\system\Database\BaseConnection.php(1525): CodeIgniter\Database\BaseConnection->query('SHOW TABLES FRO...')
#3 D:\www\Site-du-PEC\system\Database\BaseConnection.php(1545): CodeIgniter\Database\BaseConnection->listTables()
#4 D:\www\Site-du-PEC\system\Database\MigrationRunner.php(768): CodeIgniter\Database\BaseConnection->tableExists('migrations')
#5 D:\www\Site-du-PEC\system\Database\MigrationRunner.php(162): CodeIgniter\Database\MigrationRunner->ensureTable()
#6 D:\www\Site-du-PEC\system\Commands\Database\Migrate.php(85): CodeIgniter\Database\MigrationRunner->latest(NULL)
#7 D:\www\Site-du-PEC\system\CLI\Commands.php(74): CodeIgniter\Commands\Database\Migrate->run(Array)
#8 D:\www\Site-du-PEC\system\CLI\BaseCommand.php(119): CodeIgniter\CLI\Commands->run('migrate', Array)
#9 D:\www\Site-du-PEC\system\Commands\Database\MigrateRefresh.php(87): CodeIgniter\CLI\BaseCommand->call('migrate', Array)
#10 D:\www\Site-du-PEC\system\CLI\Commands.php(74): CodeIgniter\Commands\Database\MigrateRefresh->run(Array)
#11 D:\www\Site-du-PEC\system\CLI\Console.php(47): CodeIgniter\CLI\Commands->run('migrate:refresh', Array)
#12 D:\www\Site-du-PEC\system\Boot.php(360): CodeIgniter\CLI\Console->run()
#13 D:\www\Site-du-PEC\system\Boot.php(104): CodeIgniter\Boot::runCommand(Object(CodeIgniter\CLI\Console))
#14 D:\www\Site-du-PEC\spark(87): CodeIgniter\Boot::bootSpark(Object(Config\Paths))
#15 {main}
DEBUG - 2026-01-08 17:31:01 --> Session: Class initialized using 'CodeIgniter\Session\Handlers\FileHandler' driver.
DEBUG - 2026-01-08 17:31:15 --> Session: Class initialized using 'CodeIgniter\Session\Handlers\FileHandler' driver.
DEBUG - 2026-01-08 17:35:54 --> Session: Class initialized using 'CodeIgniter\Session\Handlers\FileHandler' driver.
DEBUG - 2026-01-08 17:37:44 --> Session: Class initialized using 'CodeIgniter\Session\Handlers\FileHandler' driver.
DEBUG - 2026-01-08 17:48:11 --> Session: Class initialized using 'CodeIgniter\Session\Handlers\FileHandler' driver.
ERROR - 2026-01-08 17:48:13 --> mysqli_sql_exception: Table 'pec_database.boutique' doesn't exist in D:\www\Site-du-PEC\system\Database\MySQLi\Connection.php:327
Stack trace:
#0 D:\www\Site-du-PEC\system\Database\MySQLi\Connection.php(327): mysqli->query('\r\n\t\tSELECT nom,...', 0)
#1 D:\www\Site-du-PEC\system\Database\BaseConnection.php(738): CodeIgniter\Database\MySQLi\Connection->execute('\r\n\t\tSELECT nom,...')
#2 D:\www\Site-du-PEC\system\Database\BaseConnection.php(652): CodeIgniter\Database\BaseConnection->simpleQuery('\r\n\t\tSELECT nom,...')
#3 D:\www\Site-du-PEC\app\Models\Donnees.php(139): CodeIgniter\Database\BaseConnection->query('\r\n\t\tSELECT nom,...')
#4 D:\www\Site-du-PEC\app\Controllers\Home.php(65): App\Models\Donnees->getBoutique()
#5 D:\www\Site-du-PEC\system\CodeIgniter.php(933): App\Controllers\Home->boutique()
#6 D:\www\Site-du-PEC\system\CodeIgniter.php(507): CodeIgniter\CodeIgniter->runController(Object(App\Controllers\Home))
#7 D:\www\Site-du-PEC\system\CodeIgniter.php(354): CodeIgniter\CodeIgniter->handleRequest(NULL, Object(Config\Cache), false)
#8 D:\www\Site-du-PEC\system\Boot.php(334): CodeIgniter\CodeIgniter->run()
#9 D:\www\Site-du-PEC\system\Boot.php(67): CodeIgniter\Boot::runCodeIgniter(Object(CodeIgniter\CodeIgniter))
#10 D:\www\Site-du-PEC\public\index.php(68): CodeIgniter\Boot::bootWeb(Object(Config\Paths))
#11 {main}
CRITICAL - 2026-01-08 17:48:13 --> CodeIgniter\Database\Exceptions\DatabaseException: Table 'pec_database.boutique' doesn't exist
[Method: GET, Route: boutique]
in SYSTEMPATH\Database\BaseConnection.php on line 692.
 1 APPPATH\Models\Donnees.php(139): CodeIgniter\Database\BaseConnection->query('
		SELECT nom, url, description, tranchePrix 
		FROM `boutique`
		')
 2 APPPATH\Controllers\Home.php(65): App\Models\Donnees->getBoutique()
 3 SYSTEMPATH\CodeIgniter.php(933): App\Controllers\Home->boutique()
 4 SYSTEMPATH\CodeIgniter.php(507): CodeIgniter\CodeIgniter->runController(Object(App\Controllers\Home))
 5 SYSTEMPATH\CodeIgniter.php(354): CodeIgniter\CodeIgniter->handleRequest(null, Object(Config\Cache), false)
 6 SYSTEMPATH\Boot.php(334): CodeIgniter\CodeIgniter->run()
 7 SYSTEMPATH\Boot.php(67): CodeIgniter\Boot::runCodeIgniter(Object(CodeIgniter\CodeIgniter))
 8 FCPATH\index.php(68): CodeIgniter\Boot::bootWeb(Object(Config\Paths))
CRITICAL - 2026-01-08 17:48:13 --> [Caused by] CodeIgniter\Database\Exceptions\DatabaseException: Table 'pec_database.boutique' doesn't exist
in SYSTEMPATH\Database\MySQLi\Connection.php on line 332.
 1 SYSTEMPATH\Database\BaseConnection.php(738): CodeIgniter\Database\MySQLi\Connection->execute('
		SELECT nom, url, description, tranchePrix 
		FROM `boutique`
		')
 2 SYSTEMPATH\Database\BaseConnection.php(652): CodeIgniter\Database\BaseConnection->simpleQuery('
		SELECT nom, url, description, tranchePrix 
		FROM `boutique`
		')
 3 APPPATH\Models\Donnees.php(139): CodeIgniter\Database\BaseConnection->query('
		SELECT nom, url, description, tranchePrix 
		FROM `boutique`
		')
 4 APPPATH\Controllers\Home.php(65): App\Models\Donnees->getBoutique()
 5 SYSTEMPATH\CodeIgniter.php(933): App\Controllers\Home->boutique()
 6 SYSTEMPATH\CodeIgniter.php(507): CodeIgniter\CodeIgniter->runController(Object(App\Controllers\Home))
 7 SYSTEMPATH\CodeIgniter.php(354): CodeIgniter\CodeIgniter->handleRequest(null, Object(Config\Cache), false)
 8 SYSTEMPATH\Boot.php(334): CodeIgniter\CodeIgniter->run()
 9 SYSTEMPATH\Boot.php(67): CodeIgniter\Boot::runCodeIgniter(Object(CodeIgniter\CodeIgniter))
10 FCPATH\index.php(68): CodeIgniter\Boot::bootWeb(Object(Config\Paths))
CRITICAL - 2026-01-08 17:48:13 --> [Caused by] mysqli_sql_exception: Table 'pec_database.boutique' doesn't exist
in SYSTEMPATH\Database\MySQLi\Connection.php on line 327.
 1 SYSTEMPATH\Database\MySQLi\Connection.php(327): mysqli->query('
		SELECT nom, url, description, tranchePrix 
		FROM `boutique`
		', 0)
 2 SYSTEMPATH\Database\BaseConnection.php(738): CodeIgniter\Database\MySQLi\Connection->execute('
		SELECT nom, url, description, tranchePrix 
		FROM `boutique`
		')
 3 SYSTEMPATH\Database\BaseConnection.php(652): CodeIgniter\Database\BaseConnection->simpleQuery('
		SELECT nom, url, description, tranchePrix 
		FROM `boutique`
		')
 4 APPPATH\Models\Donnees.php(139): CodeIgniter\Database\BaseConnection->query('
		SELECT nom, url, description, tranchePrix 
		FROM `boutique`
		')
 5 APPPATH\Controllers\Home.php(65): App\Models\Donnees->getBoutique()
 6 SYSTEMPATH\CodeIgniter.php(933): App\Controllers\Home->boutique()
 7 SYSTEMPATH\CodeIgniter.php(507): CodeIgniter\CodeIgniter->runController(Object(App\Controllers\Home))
 8 SYSTEMPATH\CodeIgniter.php(354): CodeIgniter\CodeIgniter->handleRequest(null, Object(Config\Cache), false)
 9 SYSTEMPATH\Boot.php(334): CodeIgniter\CodeIgniter->run()
10 SYSTEMPATH\Boot.php(67): CodeIgniter\Boot::runCodeIgniter(Object(CodeIgniter\CodeIgniter))
11 FCPATH\index.php(68): CodeIgniter\Boot::bootWeb(Object(Config\Paths))
DEBUG - 2026-01-08 17:48:15 --> Session: Class initialized using 'CodeIgniter\Session\Handlers\FileHandler' driver.
ERROR - 2026-01-08 17:48:19 --> mysqli_sql_exception: Table 'pec_database.actualites' doesn't exist in D:\www\Site-du-PEC\system\Database\MySQLi\Connection.php:327
Stack trace:
#0 D:\www\Site-du-PEC\system\Database\MySQLi\Connection.php(327): mysqli->query('\r\n\t\tSELECT titr...', 0)
#1 D:\www\Site-du-PEC\system\Database\BaseConnection.php(738): CodeIgniter\Database\MySQLi\Connection->execute('\r\n\t\tSELECT titr...')
#2 D:\www\Site-du-PEC\system\Database\BaseConnection.php(652): CodeIgniter\Database\BaseConnection->simpleQuery('\r\n\t\tSELECT titr...')
#3 D:\www\Site-du-PEC\app\Models\Donnees.php(153): CodeIgniter\Database\BaseConnection->query('\r\n\t\tSELECT titr...', Array)
#4 D:\www\Site-du-PEC\app\Controllers\Home.php(78): App\Models\Donnees->getActualites('actualite')
#5 D:\www\Site-du-PEC\system\CodeIgniter.php(933): App\Controllers\Home->actualite()
#6 D:\www\Site-du-PEC\system\CodeIgniter.php(507): CodeIgniter\CodeIgniter->runController(Object(App\Controllers\Home))
#7 D:\www\Site-du-PEC\system\CodeIgniter.php(354): CodeIgniter\CodeIgniter->handleRequest(NULL, Object(Config\Cache), false)
#8 D:\www\Site-du-PEC\system\Boot.php(334): CodeIgniter\CodeIgniter->run()
#9 D:\www\Site-du-PEC\system\Boot.php(67): CodeIgniter\Boot::runCodeIgniter(Object(CodeIgniter\CodeIgniter))
#10 D:\www\Site-du-PEC\public\index.php(68): CodeIgniter\Boot::bootWeb(Object(Config\Paths))
#11 {main}
CRITICAL - 2026-01-08 17:48:19 --> CodeIgniter\Database\Exceptions\DatabaseException: Table 'pec_database.actualites' doesn't exist
[Method: GET, Route: actualites]
in SYSTEMPATH\Database\BaseConnection.php on line 692.
 1 APPPATH\Models\Donnees.php(153): CodeIgniter\Database\BaseConnection->query('
		SELECT titre, slug, type, description, image, date_evenement, created_at, nom 
		FROM `actualites` 
		JOIN membres ON actualites.id_auteur=membres.id 
		WHERE statut = "publie" AND type = ?
		ORDER BY created_at DESC
		', [...])
 2 APPPATH\Controllers\Home.php(78): App\Models\Donnees->getActualites('actualite')
 3 SYSTEMPATH\CodeIgniter.php(933): App\Controllers\Home->actualite()
 4 SYSTEMPATH\CodeIgniter.php(507): CodeIgniter\CodeIgniter->runController(Object(App\Controllers\Home))
 5 SYSTEMPATH\CodeIgniter.php(354): CodeIgniter\CodeIgniter->handleRequest(null, Object(Config\Cache), false)
 6 SYSTEMPATH\Boot.php(334): CodeIgniter\CodeIgniter->run()
 7 SYSTEMPATH\Boot.php(67): CodeIgniter\Boot::runCodeIgniter(Object(CodeIgniter\CodeIgniter))
 8 FCPATH\index.php(68): CodeIgniter\Boot::bootWeb(Object(Config\Paths))
CRITICAL - 2026-01-08 17:48:19 --> [Caused by] CodeIgniter\Database\Exceptions\DatabaseException: Table 'pec_database.actualites' doesn't exist
in SYSTEMPATH\Database\MySQLi\Connection.php on line 332.
 1 SYSTEMPATH\Database\BaseConnection.php(738): CodeIgniter\Database\MySQLi\Connection->execute('
		SELECT titre, slug, type, description, image, date_evenement, created_at, nom 
		FROM `actualites` 
		JOIN membres ON actualites.id_auteur=membres.id 
		WHERE statut = "publie" AND type = \'actualite\'
		ORDER BY created_at DESC
		')
 2 SYSTEMPATH\Database\BaseConnection.php(652): CodeIgniter\Database\BaseConnection->simpleQuery('
		SELECT titre, slug, type, description, image, date_evenement, created_at, nom 
		FROM `actualites` 
		JOIN membres ON actualites.id_auteur=membres.id 
		WHERE statut = "publie" AND type = \'actualite\'
		ORDER BY created_at DESC
		')
 3 APPPATH\Models\Donnees.php(153): CodeIgniter\Database\BaseConnection->query('
		SELECT titre, slug, type, description, image, date_evenement, created_at, nom 
		FROM `actualites` 
		JOIN membres ON actualites.id_auteur=membres.id 
		WHERE statut = "publie" AND type = ?
		ORDER BY created_at DESC
		', [...])
 4 APPPATH\Controllers\Home.php(78): App\Models\Donnees->getActualites('actualite')
 5 SYSTEMPATH\CodeIgniter.php(933): App\Controllers\Home->actualite()
 6 SYSTEMPATH\CodeIgniter.php(507): CodeIgniter\CodeIgniter->runController(Object(App\Controllers\Home))
 7 SYSTEMPATH\CodeIgniter.php(354): CodeIgniter\CodeIgniter->handleRequest(null, Object(Config\Cache), false)
 8 SYSTEMPATH\Boot.php(334): CodeIgniter\CodeIgniter->run()
 9 SYSTEMPATH\Boot.php(67): CodeIgniter\Boot::runCodeIgniter(Object(CodeIgniter\CodeIgniter))
10 FCPATH\index.php(68): CodeIgniter\Boot::bootWeb(Object(Config\Paths))
CRITICAL - 2026-01-08 17:48:19 --> [Caused by] mysqli_sql_exception: Table 'pec_database.actualites' doesn't exist
in SYSTEMPATH\Database\MySQLi\Connection.php on line 327.
 1 SYSTEMPATH\Database\MySQLi\Connection.php(327): mysqli->query('
		SELECT titre, slug, type, description, image, date_evenement, created_at, nom 
		FROM `actualites` 
		JOIN membres ON actualites.id_auteur=membres.id 
		WHERE statut = "publie" AND type = \'actualite\'
		ORDER BY created_at DESC
		', 0)
 2 SYSTEMPATH\Database\BaseConnection.php(738): CodeIgniter\Database\MySQLi\Connection->execute('
		SELECT titre, slug, type, description, image, date_evenement, created_at, nom 
		FROM `actualites` 
		JOIN membres ON actualites.id_auteur=membres.id 
		WHERE statut = "publie" AND type = \'actualite\'
		ORDER BY created_at DESC
		')
 3 SYSTEMPATH\Database\BaseConnection.php(652): CodeIgniter\Database\BaseConnection->simpleQuery('
		SELECT titre, slug, type, description, image, date_evenement, created_at, nom 
		FROM `actualites` 
		JOIN membres ON actualites.id_auteur=membres.id 
		WHERE statut = "publie" AND type = \'actualite\'
		ORDER BY created_at DESC
		')
 4 APPPATH\Models\Donnees.php(153): CodeIgniter\Database\BaseConnection->query('
		SELECT titre, slug, type, description, image, date_evenement, created_at, nom 
		FROM `actualites` 
		JOIN membres ON actualites.id_auteur=membres.id 
		WHERE statut = "publie" AND type = ?
		ORDER BY created_at DESC
		', [...])
 5 APPPATH\Controllers\Home.php(78): App\Models\Donnees->getActualites('actualite')
 6 SYSTEMPATH\CodeIgniter.php(933): App\Controllers\Home->actualite()
 7 SYSTEMPATH\CodeIgniter.php(507): CodeIgniter\CodeIgniter->runController(Object(App\Controllers\Home))
 8 SYSTEMPATH\CodeIgniter.php(354): CodeIgniter\CodeIgniter->handleRequest(null, Object(Config\Cache), false)
 9 SYSTEMPATH\Boot.php(334): CodeIgniter\CodeIgniter->run()
10 SYSTEMPATH\Boot.php(67): CodeIgniter\Boot::runCodeIgniter(Object(CodeIgniter\CodeIgniter))
11 FCPATH\index.php(68): CodeIgniter\Boot::bootWeb(Object(Config\Paths))
